0 info it worked if it ends with ok
1 verbose cli [ 'C:\\Program Files\\nodejs\\node.exe',
1 verbose cli   'C:\\Program Files\\nodejs\\node_modules\\npm\\bin\\npm-cli.js',
1 verbose cli   'install',
1 verbose cli   '--save',
1 verbose cli   'coap' ]
2 info using npm@2.15.0
3 info using node@v4.4.2
4 verbose install initial load of C:\Users\jalil\Desktop\my-wot-book\wot-pi\package.json
5 warn package.json wot-pi@1.0.0 No description
6 warn package.json wot-pi@1.0.0 No repository field.
7 warn package.json wot-pi@1.0.0 No README data
8 verbose installManyTop reading scoped package data from C:\Users\jalil\Desktop\my-wot-book\wot-pi\node_modules\body-parser\package.json
9 verbose installManyTop reading scoped package data from C:\Users\jalil\Desktop\my-wot-book\wot-pi\node_modules\cors\package.json
10 verbose installManyTop reading scoped package data from C:\Users\jalil\Desktop\my-wot-book\wot-pi\node_modules\express\package.json
11 verbose installManyTop reading scoped package data from C:\Users\jalil\Desktop\my-wot-book\wot-pi\node_modules\msgpack5\package.json
12 verbose installManyTop reading scoped package data from C:\Users\jalil\Desktop\my-wot-book\wot-pi\node_modules\node-json2html\package.json
13 verbose installManyTop reading scoped package data from C:\Users\jalil\Desktop\my-wot-book\wot-pi\node_modules\ws\package.json
14 info package.json node-json2html@1.2.0 No license field.
15 verbose readDependencies loading dependencies from C:\Users\jalil\Desktop\my-wot-book\wot-pi\package.json
16 silly cache add args [ 'coap', null ]
17 verbose cache add spec coap
18 silly cache add parsed spec Result {
18 silly cache add   raw: 'coap',
18 silly cache add   scope: null,
18 silly cache add   name: 'coap',
18 silly cache add   rawSpec: '',
18 silly cache add   spec: 'latest',
18 silly cache add   type: 'tag' }
19 silly addNamed coap@latest
20 verbose addNamed "latest" is being treated as a dist-tag for coap
21 info addNameTag [ 'coap', 'latest' ]
22 silly mapToRegistry name coap
23 silly mapToRegistry using default registry
24 silly mapToRegistry registry https://registry.npmjs.org/
25 silly mapToRegistry data Result {
25 silly mapToRegistry   raw: 'coap',
25 silly mapToRegistry   scope: null,
25 silly mapToRegistry   name: 'coap',
25 silly mapToRegistry   rawSpec: '',
25 silly mapToRegistry   spec: 'latest',
25 silly mapToRegistry   type: 'tag' }
26 silly mapToRegistry uri https://registry.npmjs.org/coap
27 verbose addNameTag registry:https://registry.npmjs.org/coap not in flight; fetching
28 verbose request uri https://registry.npmjs.org/coap
29 verbose request no auth needed
30 info attempt registry request try #1 at 4:46:29 PM
31 verbose request id 2c094cf5138e18e4
32 http request GET https://registry.npmjs.org/coap
33 info retry will retry, error on last attempt: Error: getaddrinfo ENOENT registry.npmjs.org:443
34 info attempt registry request try #2 at 4:46:39 PM
35 http request GET https://registry.npmjs.org/coap
36 info retry will retry, error on last attempt: Error: getaddrinfo ENOENT registry.npmjs.org:443
37 info attempt registry request try #3 at 4:47:39 PM
38 http request GET https://registry.npmjs.org/coap
39 verbose stack Error: getaddrinfo ENOENT registry.npmjs.org:443
39 verbose stack     at Object.exports._errnoException (util.js:870:11)
39 verbose stack     at errnoException (dns.js:32:15)
39 verbose stack     at GetAddrInfoReqWrap.onlookup [as oncomplete] (dns.js:78:26)
40 verbose cwd C:\Users\jalil\Desktop\my-wot-book\wot-pi
41 error Windows_NT 6.1.7601
42 error argv "C:\\Program Files\\nodejs\\node.exe" "C:\\Program Files\\nodejs\\node_modules\\npm\\bin\\npm-cli.js" "install" "--save" "coap"
43 error node v4.4.2
44 error npm  v2.15.0
45 error code ENOENT
46 error errno ENOENT
47 error syscall getaddrinfo
48 error enoent getaddrinfo ENOENT registry.npmjs.org:443
48 error enoent This is most likely not a problem with npm itself
48 error enoent and is related to npm not being able to find a file.
49 verbose exit [ 1, true ]
